mode: set
github.com/jonnie-z/notes-app/cmd/api/handlers.go:12.71,18.57 5 0
github.com/jonnie-z/notes-app/cmd/api/handlers.go:18.57,21.3 2 0
github.com/jonnie-z/notes-app/cmd/api/handlers.go:24.46,32.2 5 0
github.com/jonnie-z/notes-app/cmd/api/handlers.go:34.71,42.16 2 1
github.com/jonnie-z/notes-app/cmd/api/handlers.go:42.16,45.3 2 0
github.com/jonnie-z/notes-app/cmd/api/handlers.go:47.2,51.56 4 1
github.com/jonnie-z/notes-app/cmd/api/handlers.go:51.56,54.3 2 0
github.com/jonnie-z/notes-app/cmd/api/handlers.go:57.55,65.2 5 0
github.com/jonnie-z/notes-app/cmd/api/handlers.go:67.44,75.2 5 0
github.com/jonnie-z/notes-app/cmd/api/handlers.go:77.73,78.60 1 1
github.com/jonnie-z/notes-app/cmd/api/handlers.go:78.60,84.17 2 1
github.com/jonnie-z/notes-app/cmd/api/handlers.go:84.17,86.4 1 1
github.com/jonnie-z/notes-app/cmd/api/handlers.go:88.3,88.31 1 1
github.com/jonnie-z/notes-app/cmd/api/handlers.go:89.8,91.3 1 0
github.com/jonnie-z/notes-app/cmd/api/handlers.go:94.42,99.19 4 0
github.com/jonnie-z/notes-app/cmd/api/handlers.go:99.19,104.3 3 0
github.com/jonnie-z/notes-app/cmd/api/handlers.go:104.8,106.3 1 0
github.com/jonnie-z/notes-app/cmd/api/handlers.go:109.71,110.60 1 0
github.com/jonnie-z/notes-app/cmd/api/handlers.go:110.60,112.17 2 0
github.com/jonnie-z/notes-app/cmd/api/handlers.go:112.17,115.4 2 0
github.com/jonnie-z/notes-app/cmd/api/handlers.go:117.3,118.17 2 0
github.com/jonnie-z/notes-app/cmd/api/handlers.go:118.17,120.4 1 0
github.com/jonnie-z/notes-app/cmd/api/handlers.go:122.3,124.60 3 0
github.com/jonnie-z/notes-app/cmd/api/handlers.go:124.60,127.4 2 0
github.com/jonnie-z/notes-app/cmd/api/handlers.go:128.8,130.3 1 0
github.com/jonnie-z/notes-app/cmd/api/handlers.go:133.63,136.15 2 0
github.com/jonnie-z/notes-app/cmd/api/handlers.go:136.15,146.3 7 0
github.com/jonnie-z/notes-app/cmd/api/handlers.go:146.8,148.3 1 0
github.com/jonnie-z/notes-app/cmd/api/helpers.go:3.54,5.2 1 1
github.com/jonnie-z/notes-app/cmd/api/helpers.go:7.43,8.29 1 1
github.com/jonnie-z/notes-app/cmd/api/helpers.go:8.29,9.20 1 1
github.com/jonnie-z/notes-app/cmd/api/helpers.go:9.20,11.4 1 1
github.com/jonnie-z/notes-app/cmd/api/helpers.go:14.2,14.11 1 1
github.com/jonnie-z/notes-app/cmd/api/main.go:31.38,34.19 2 1
github.com/jonnie-z/notes-app/cmd/api/main.go:35.17,36.25 1 0
github.com/jonnie-z/notes-app/cmd/api/main.go:37.21,38.29 1 1
github.com/jonnie-z/notes-app/cmd/api/main.go:41.2,43.3 1 1
github.com/jonnie-z/notes-app/cmd/api/main.go:69.40,76.2 2 1
github.com/jonnie-z/notes-app/cmd/api/main.go:78.59,85.2 4 1
github.com/jonnie-z/notes-app/cmd/api/main.go:87.50,95.2 5 1
github.com/jonnie-z/notes-app/cmd/api/main.go:97.67,100.15 2 0
github.com/jonnie-z/notes-app/cmd/api/main.go:100.15,109.3 6 0
github.com/jonnie-z/notes-app/cmd/api/main.go:109.8,111.3 1 0
github.com/jonnie-z/notes-app/cmd/api/main.go:115.46,121.15 4 1
github.com/jonnie-z/notes-app/cmd/api/main.go:121.15,123.3 1 1
github.com/jonnie-z/notes-app/cmd/api/main.go:125.2,127.12 2 1
github.com/jonnie-z/notes-app/cmd/api/main.go:130.51,138.2 5 1
github.com/jonnie-z/notes-app/cmd/api/main.go:158.32,172.2 5 0
github.com/jonnie-z/notes-app/cmd/api/main.go:179.33,184.31 4 0
github.com/jonnie-z/notes-app/cmd/api/main.go:184.31,185.24 1 0
github.com/jonnie-z/notes-app/cmd/api/main.go:185.24,187.4 1 0
github.com/jonnie-z/notes-app/cmd/api/main.go:190.2,190.17 1 0
github.com/jonnie-z/notes-app/cmd/api/main.go:190.17,192.3 1 0
github.com/jonnie-z/notes-app/cmd/api/main.go:194.2,194.24 1 0
github.com/jonnie-z/notes-app/cmd/api/main.go:197.33,199.16 2 0
github.com/jonnie-z/notes-app/cmd/api/main.go:199.16,200.37 1 0
github.com/jonnie-z/notes-app/cmd/api/main.go:200.37,203.4 2 0
github.com/jonnie-z/notes-app/cmd/api/main.go:203.9,205.4 1 0
github.com/jonnie-z/notes-app/cmd/api/main.go:207.3,207.9 1 0
github.com/jonnie-z/notes-app/cmd/api/main.go:210.2,214.63 4 0
github.com/jonnie-z/notes-app/cmd/api/main.go:214.63,216.3 1 0
github.com/jonnie-z/notes-app/cmd/api/main.go:218.2,218.57 1 0
github.com/jonnie-z/notes-app/cmd/api/main.go:221.33,223.16 2 0
github.com/jonnie-z/notes-app/cmd/api/main.go:223.16,225.3 1 0
github.com/jonnie-z/notes-app/cmd/api/main.go:227.2,227.62 1 0
github.com/jonnie-z/notes-app/cmd/api/main.go:227.62,232.3 4 0
github.com/jonnie-z/notes-app/cmd/api/main.go:234.2,236.63 2 0
github.com/jonnie-z/notes-app/cmd/api/main.go:236.63,238.3 1 0
github.com/jonnie-z/notes-app/cmd/api/main.go:239.2,239.44 1 0
github.com/jonnie-z/notes-app/cmd/api/main.go:242.13,246.20 3 0
github.com/jonnie-z/notes-app/cmd/api/main.go:246.20,248.3 1 0
github.com/jonnie-z/notes-app/cmd/api/main.go:248.8,249.18 1 0
github.com/jonnie-z/notes-app/cmd/api/main.go:250.15,251.25 1 0
github.com/jonnie-z/notes-app/cmd/api/main.go:252.14,253.29 1 0
github.com/jonnie-z/notes-app/cmd/api/main.go:257.2,262.55 4 0
github.com/jonnie-z/notes-app/cmd/api/main.go:262.55,264.3 1 0
github.com/jonnie-z/notes-app/cmd/api/main.go:267.39,276.2 6 1
